#
# There is insufficient memory for the Java Runtime Environment to continue.
# Native memory allocation (malloc) failed to allocate 32744 bytes for ChunkPool::allocate
# Possible reasons:
#   The system is out of physical RAM or swap space
#   The process is running with CompressedOops enabled, and the Java Heap may be blocking the growth of the native heap
# Possible solutions:
#   Reduce memory load on the system
#   Increase physical memory or swap space
#   Check if swap backing store is full
#   Decrease Java heap size (-Xmx/-Xms)
#   Decrease number of Java threads
#   Decrease Java thread stack sizes (-Xss)
#   Set larger code cache with -XX:ReservedCodeCacheSize=
#   JVM is running with Unscaled Compressed Oops mode in which the Java heap is
#     placed in the first 4GB address space. The Java Heap base address is the
#     maximum limit for the native heap growth. Please use -XX:HeapBaseMinAddress
#     to set the Java Heap base and to place the Java Heap above 4GB virtual address.
# This output file may be truncated or incomplete.
#
#  Out of Memory Error (allocation.cpp:272), pid=17696, tid=0x0000000000002a90
#
# JRE version: Java(TM) SE Runtime Environment (8.0_211-b12) (build 1.8.0_211-b12)
# Java VM: Java HotSpot(TM) 64-Bit Server VM (25.211-b12 mixed mode windows-amd64 compressed oops)
# Failed to write core dump. Minidumps are not enabled by default on client versions of Windows
#

---------------  T H R E A D  ---------------

Current thread (0x000000001841d000):  VMThread [stack: 0x000000001a0e0000,0x000000001a1e0000] [id=10896]

Stack: [0x000000001a0e0000,0x000000001a1e0000]
[error occurred during error reporting (printing stack bounds), id 0xc0000005]

Native frames: (J=compiled Java code, j=interpreted, Vv=VM code, C=native code)

VM_Operation (0x000000002c7c7970): BulkRevokeBias, mode: safepoint, requested by thread 0x0000000029b18800


---------------  P R O C E S S  ---------------

Java Threads: ( => current thread )
  0x0000000022b38800 JavaThread "http-nio-8080-exec-371" daemon [_thread_blocked, id=13056, stack(0x00000000302d0000,0x00000000303d0000)]
  0x0000000022b37800 JavaThread "http-nio-8080-exec-370" daemon [_thread_blocked, id=20624, stack(0x00000000301d0000,0x00000000302d0000)]
  0x0000000022b37000 JavaThread "http-nio-8080-exec-369" daemon [_thread_blocked, id=21308, stack(0x00000000300d0000,0x00000000301d0000)]
  0x0000000022b31000 JavaThread "http-nio-8080-exec-368" daemon [_thread_blocked, id=22120, stack(0x000000002fed0000,0x000000002ffd0000)]
  0x0000000022b34000 JavaThread "http-nio-8080-exec-367" daemon [_thread_blocked, id=19672, stack(0x000000002fdd0000,0x000000002fed0000)]
  0x000000001ad46000 JavaThread "http-nio-8080-exec-366" daemon [_thread_blocked, id=12444, stack(0x000000002fcd0000,0x000000002fdd0000)]
  0x000000001ad45000 JavaThread "http-nio-8080-exec-365" daemon [_thread_blocked, id=17824, stack(0x000000002fbd0000,0x000000002fcd0000)]
  0x000000001ad44800 JavaThread "http-nio-8080-exec-364" daemon [_thread_blocked, id=7980, stack(0x000000002fad0000,0x000000002fbd0000)]
  0x000000001ad43800 JavaThread "http-nio-8080-exec-363" daemon [_thread_blocked, id=13796, stack(0x000000002f9d0000,0x000000002fad0000)]
  0x000000001ad3d800 JavaThread "http-nio-8080-exec-362" daemon [_thread_blocked, id=1912, stack(0x000000002f8d0000,0x000000002f9d0000)]
  0x000000001ad3d000 JavaThread "http-nio-8080-exec-361" daemon [_thread_blocked, id=9648, stack(0x000000002f7d0000,0x000000002f8d0000)]
  0x000000001ad43000 JavaThread "http-nio-8080-exec-360" daemon [_thread_blocked, id=15956, stack(0x000000002f5d0000,0x000000002f6d0000)]
  0x000000001ad3f000 JavaThread "http-nio-8080-exec-359" daemon [_thread_blocked, id=17336, stack(0x000000002f4d0000,0x000000002f5d0000)]
  0x000000001ad42000 JavaThread "http-nio-8080-exec-358" daemon [_thread_blocked, id=13232, stack(0x000000002f3d0000,0x000000002f4d0000)]
  0x000000001ad3a800 JavaThread "http-nio-8080-exec-357" daemon [_thread_blocked, id=21812, stack(0x000000002f2d0000,0x000000002f3d0000)]
  0x000000001ad41800 JavaThread "http-nio-8080-exec-356" daemon [_thread_blocked, id=11456, stack(0x000000002f1d0000,0x000000002f2d0000)]
  0x000000001ad3b800 JavaThread "http-nio-8080-exec-355" daemon [_thread_blocked, id=14152, stack(0x000000002f0d0000,0x000000002f1d0000)]
  0x000000001ad40800 JavaThread "http-nio-8080-exec-354" daemon [_thread_blocked, id=9148, stack(0x000000002efd0000,0x000000002f0d0000)]
  0x000000001ad40000 JavaThread "http-nio-8080-exec-353" daemon [_thread_blocked, id=12508, stack(0x000000002eed0000,0x000000002efd0000)]
  0x000000001ad3e800 JavaThread "http-nio-8080-exec-352" daemon [_thread_blocked, id=18736, stack(0x000000002edd0000,0x000000002eed0000)]
  0x000000001ad39000 JavaThread "http-nio-8080-exec-351" daemon [_thread_blocked, id=21028, stack(0x000000002ecd0000,0x000000002edd0000)]
  0x000000001ad37800 JavaThread "http-nio-8080-exec-350" daemon [_thread_blocked, id=19708, stack(0x000000002ebd0000,0x000000002ecd0000)]
  0x0000000029d23000 JavaThread "http-nio-8080-exec-349" daemon [_thread_blocked, id=18820, stack(0x000000002ead0000,0x000000002ebd0000)]
  0x0000000029d22000 JavaThread "http-nio-8080-exec-348" daemon [_thread_blocked, id=10120, stack(0x000000002e9d0000,0x000000002ead0000)]
  0x0000000029d21800 JavaThread "http-nio-8080-exec-347" daemon [_thread_blocked, id=12188, stack(0x000000002e8d0000,0x000000002e9d0000)]
  0x0000000029d20800 JavaThread "http-nio-8080-exec-346" daemon [_thread_blocked, id=860, stack(0x000000002e7d0000,0x000000002e8d0000)]
  0x0000000029d1e800 JavaThread "http-nio-8080-exec-345" daemon [_thread_blocked, id=6312, stack(0x000000002e6d0000,0x000000002e7d0000)]
  0x0000000029d20000 JavaThread "http-nio-8080-exec-344" daemon [_thread_blocked, id=7708, stack(0x000000002e4d0000,0x000000002e5d0000)]
  0x0000000029d19000 JavaThread "http-nio-8080-exec-343" daemon [_thread_blocked, id=21412, stack(0x000000002e3d0000,0x000000002e4d0000)]
  0x0000000029d17000 JavaThread "http-nio-8080-exec-342" daemon [_thread_blocked, id=21144, stack(0x000000002e0d0000,0x000000002e1d0000)]
  0x0000000029d1d800 JavaThread "http-nio-8080-exec-341" daemon [_thread_blocked, id=18720, stack(0x000000002dfd0000,0x000000002e0d0000)]
  0x0000000029d1d000 JavaThread "http-nio-8080-exec-340" daemon [_thread_blocked, id=17900, stack(0x000000002ded0000,0x000000002dfd0000)]
  0x0000000029d1c000 JavaThread "http-nio-8080-exec-339" daemon [_thread_blocked, id=9752, stack(0x000000002ddd0000,0x000000002ded0000)]
  0x0000000029d14800 JavaThread "http-nio-8080-exec-338" daemon [_thread_blocked, id=21792, stack(0x000000002dcd0000,0x000000002ddd0000)]
  0x0000000029d15800 JavaThread "http-nio-8080-exec-337" daemon [_thread_blocked, id=14136, stack(0x000000002dbd0000,0x000000002dcd0000)]
  0x0000000029d1b800 JavaThread "http-nio-8080-exec-336" daemon [_thread_blocked, id=9152, stack(0x000000002dad0000,0x000000002dbd0000)]
  0x0000000029d1a800 JavaThread "http-nio-8080-exec-335" daemon [_thread_blocked, id=21172, stack(0x000000002d8d0000,0x000000002d9d0000)]
  0x0000000029d17800 JavaThread "http-nio-8080-exec-334" daemon [_thread_blocked, id=21564, stack(0x000000002d7d0000,0x000000002d8d0000)]
  0x0000000029d14000 JavaThread "http-nio-8080-exec-333" daemon [_thread_blocked, id=8528, stack(0x000000002d5d0000,0x000000002d6d0000)]
  0x0000000029d18800 JavaThread "http-nio-8080-exec-332" daemon [_thread_blocked, id=20320, stack(0x000000002d4d0000,0x000000002d5d0000)]
  0x0000000029d1a000 JavaThread "http-nio-8080-exec-331" daemon [_thread_blocked, id=1688, stack(0x000000002d3d0000,0x000000002d4d0000)]
  0x0000000029b23000 JavaThread "http-nio-8080-exec-330" daemon [_thread_blocked, id=2268, stack(0x000000002d2d0000,0x000000002d3d0000)]
  0x0000000029b21800 JavaThread "http-nio-8080-exec-329" daemon [_thread_blocked, id=20684, stack(0x000000002d1d0000,0x000000002d2d0000)]
  0x0000000029b22800 JavaThread "http-nio-8080-exec-328" daemon [_thread_blocked, id=21744, stack(0x000000002d0d0000,0x000000002d1d0000)]
  0x0000000029b1f800 JavaThread "http-nio-8080-exec-327" daemon [_thread_blocked, id=7028, stack(0x000000002ced0000,0x000000002cfd0000)]
  0x0000000029b1e800 JavaThread "http-nio-8080-exec-326" daemon [_thread_blocked, id=18216, stack(0x000000002cdd0000,0x000000002ced0000)]
  0x0000000029b21000 JavaThread "http-nio-8080-exec-325" daemon [_thread_blocked, id=12640, stack(0x000000002ccd0000,0x000000002cdd0000)]
  0x0000000029b20000 JavaThread "http-nio-8080-exec-324" daemon [_thread_blocked, id=3208, stack(0x000000002cbd0000,0x000000002ccd0000)]
  0x0000000029b16800 JavaThread "http-nio-8080-exec-323" daemon [_thread_blocked, id=22764, stack(0x000000002cad0000,0x000000002cbd0000)]
  0x0000000029b1d000 JavaThread "http-nio-8080-exec-322" daemon [_thread_blocked, id=16916, stack(0x000000002c9d0000,0x000000002cad0000)]
  0x0000000029b17000 JavaThread "http-nio-8080-exec-321" daemon [_thread_blocked, id=18960, stack(0x000000002c8d0000,0x000000002c9d0000)]
  0x0000000029b15800 JavaThread "http-nio-8080-exec-320" daemon [_thread_blocked, id=21980, stack(0x000000002c7d0000,0x000000002c8d0000)]
  0x0000000029b18800 JavaThread "http-nio-8080-exec-319" daemon [_thread_blocked, id=9844, stack(0x000000002c6d0000,0x000000002c7d0000)]
  0x0000000029b1c800 JavaThread "http-nio-8080-exec-318" daemon [_thread_blocked, id=13804, stack(0x000000002c5d0000,0x000000002c6d0000)]
  0x0000000029b1b800 JavaThread "http-nio-8080-exec-317" daemon [_thread_blocked, id=2796, stack(0x000000002c4d0000,0x000000002c5d0000)]
  0x0000000029b1b000 JavaThread "http-nio-8080-exec-316" daemon [_thread_blocked, id=19368, stack(0x000000002c3d0000,0x000000002c4d0000)]
  0x0000000029b1a000 JavaThread "http-nio-8080-exec-315" daemon [_thread_blocked, id=3584, stack(0x000000002c2d0000,0x000000002c3d0000)]
  0x0000000029b14000 JavaThread "http-nio-8080-exec-314" daemon [_thread_blocked, id=12652, stack(0x000000002c1d0000,0x000000002c2d0000)]
  0x0000000029b19800 JavaThread "http-nio-8080-exec-313" daemon [_thread_blocked, id=21992, stack(0x000000002c0d0000,0x000000002c1d0000)]
  0x0000000029b15000 JavaThread "http-nio-8080-exec-312" daemon [_thread_blocked, id=20508, stack(0x000000002bfd0000,0x000000002c0d0000)]
  0x0000000029d95800 JavaThread "http-nio-8080-exec-311" daemon [_thread_blocked, id=19288, stack(0x000000002bed0000,0x000000002bfd0000)]
  0x0000000029d99800 JavaThread "http-nio-8080-exec-310" daemon [_thread_blocked, id=2300, stack(0x000000002bdd0000,0x000000002bed0000)]
  0x0000000029d9b000 JavaThread "http-nio-8080-exec-309" daemon [_thread_blocked, id=21200, stack(0x000000002bcd0000,0x000000002bdd0000)]
  0x0000000029d98000 JavaThread "http-nio-8080-exec-308" daemon [_thread_blocked, id=2076, stack(0x000000002bbd0000,0x000000002bcd0000)]
  0x0000000029d95000 JavaThread "http-nio-8080-exec-307" daemon [_thread_blocked, id=10408, stack(0x000000002bad0000,0x000000002bbd0000)]
  0x0000000029d9a000 JavaThread "http-nio-8080-exec-306" daemon [_thread_blocked, id=3244, stack(0x000000002b9d0000,0x000000002bad0000)]
  0x0000000029d98800 JavaThread "http-nio-8080-exec-305" daemon [_thread_blocked, id=13708, stack(0x000000002b8d0000,0x000000002b9d0000)]
  0x0000000029d97000 JavaThread "http-nio-8080-exec-304" daemon [_thread_blocked, id=18976, stack(0x000000002b7d0000,0x000000002b8d0000)]
  0x0000000029d96800 JavaThread "http-nio-8080-exec-303" daemon [_thread_blocked, id=20548, stack(0x000000002b6d0000,0x000000002b7d0000)]
  0x0000000029d8d000 JavaThread "http-nio-8080-exec-302" daemon [_thread_blocked, id=19116, stack(0x000000002b5d0000,0x000000002b6d0000)]
  0x0000000029d94000 JavaThread "http-nio-8080-exec-301" daemon [_thread_blocked, id=7148, stack(0x000000002b4d0000,0x000000002b5d0000)]
  0x0000000029d8c800 JavaThread "http-nio-8080-exec-300" daemon [_thread_blocked, id=17184, stack(0x000000002b3d0000,0x000000002b4d0000)]
  0x0000000029d8f800 JavaThread "http-nio-8080-exec-299" daemon [_thread_blocked, id=14392, stack(0x000000002b2d0000,0x000000002b3d0000)]
  0x0000000029d93800 JavaThread "http-nio-8080-exec-298" daemon [_thread_blocked, id=21900, stack(0x000000002b1d0000,0x000000002b2d0000)]
  0x0000000029d90000 JavaThread "http-nio-8080-exec-297" daemon [_thread_blocked, id=21648, stack(0x000000002b0d0000,0x000000002b1d0000)]
  0x0000000029d92800 JavaThread "http-nio-8080-exec-296" daemon [_thread_blocked, id=19488, stack(0x000000002afd0000,0x000000002b0d0000)]
  0x0000000029d8e000 JavaThread "http-nio-8080-exec-295" daemon [_thread_blocked, id=948, stack(0x000000002aed0000,0x000000002afd0000)]
  0x0000000029d8b800 JavaThread "http-nio-8080-exec-294" daemon [_thread_blocked, id=2128, stack(0x000000002abd0000,0x000000002acd0000)]
  0x0000000029d91800 JavaThread "http-nio-8080-exec-293" daemon [_thread_blocked, id=6068, stack(0x0000000027f60000,0x0000000028060000)]
  0x0000000022f8d000 JavaThread "http-nio-8080-exec-292" daemon [_thread_blocked, id=21092, stack(0x0000000025750000,0x0000000025850000)]
  0x0000000022f8b800 JavaThread "http-nio-8080-exec-291" daemon [_thread_blocked, id=16764, stack(0x0000000025650000,0x0000000025750000)]
  0x0000000022f8a000 JavaThread "http-nio-8080-exec-290" daemon [_thread_blocked, id=21468, stack(0x0000000025550000,0x0000000025650000)]
  0x0000000022f8a800 JavaThread "http-nio-8080-exec-289" daemon [_thread_blocked, id=12552, stack(0x0000000025450000,0x0000000025550000)]
  0x0000000022f89000 JavaThread "http-nio-8080-exec-288" daemon [_thread_blocked, id=1640, stack(0x0000000025350000,0x0000000025450000)]
  0x0000000022f8c000 JavaThread "http-nio-8080-exec-287" daemon [_thread_blocked, id=17516, stack(0x0000000025250000,0x0000000025350000)]
  0x0000000022f88800 JavaThread "http-nio-8080-exec-286" daemon [_thread_blocked, id=22716, stack(0x0000000025150000,0x0000000025250000)]
  0x0000000022f8d800 JavaThread "http-nio-8080-exec-285" daemon [_thread_blocked, id=2676, stack(0x0000000025050000,0x0000000025150000)]
  0x0000000022f8e800 JavaThread "http-nio-8080-exec-284" daemon [_thread_blocked, id=2664, stack(0x0000000024f50000,0x0000000025050000)]
  0x0000000022f87800 JavaThread "http-nio-8080-exec-283" daemon [_thread_blocked, id=8420, stack(0x0000000024e50000,0x0000000024f50000)]
  0x0000000022f80000 JavaThread "http-nio-8080-exec-282" daemon [_thread_blocked, id=11012, stack(0x0000000021f80000,0x0000000022080000)]
  0x0000000029d1f000 JavaThread "http-nio-8080-exec-278" daemon [_thread_blocked, id=16280, stack(0x000000002ffd0000,0x00000000300d0000)]
  0x0000000029d16000 JavaThread "http-nio-8080-exec-271" daemon [_thread_blocked, id=1064, stack(0x000000002f6d0000,0x000000002f7d0000)]
  0x000000001ad38800 JavaThread "http-nio-8080-exec-255" daemon [_thread_blocked, id=19948, stack(0x000000002e5d0000,0x000000002e6d0000)]
  0x000000001ad3c000 JavaThread "http-nio-8080-exec-252" daemon [_thread_blocked, id=10952, stack(0x000000002e2d0000,0x000000002e3d0000)]
  0x000000001ad3a000 JavaThread "http-nio-8080-exec-251" daemon [_thread_blocked, id=22552, stack(0x000000002e1d0000,0x000000002e2d0000)]
  0x000000001ad37000 JavaThread "http-nio-8080-exec-244" daemon [_thread_blocked, id=4748, stack(0x000000002d9d0000,0x000000002dad0000)]
  0x0000000029b1e000 JavaThread "http-nio-8080-exec-241" daemon [_thread_blocked, id=17040, stack(0x000000002d6d0000,0x000000002d7d0000)]
  0x0000000029d8e800 JavaThread "http-nio-8080-exec-206" daemon [_thread_blocked, id=9108, stack(0x000000002add0000,0x000000002aed0000)]
  0x0000000029d91000 JavaThread "http-nio-8080-exec-205" daemon [_thread_blocked, id=5540, stack(0x000000002acd0000,0x000000002add0000)]
  0x0000000029b18000 JavaThread "http-nio-8080-exec-142" daemon [_thread_blocked, id=1544, stack(0x000000002cfd0000,0x000000002d0d0000)]
  0x0000000022f87000 JavaThread "lettuce-eventExecutorLoop-1-8" daemon [_thread_blocked, id=10456, stack(0x0000000029700000,0x0000000029800000)]
  0x0000000022f7f800 JavaThread "lettuce-eventExecutorLoop-1-7" daemon [_thread_blocked, id=16020, stack(0x0000000026550000,0x0000000026650000)]
  0x0000000022f86000 JavaThread "lettuce-eventExecutorLoop-1-6" daemon [_thread_blocked, id=20956, stack(0x0000000026350000,0x0000000026450000)]
  0x0000000022f82800 JavaThread "lettuce-eventExecutorLoop-1-5" daemon [_thread_blocked, id=5400, stack(0x0000000023d50000,0x0000000023e50000)]
  0x0000000022f7e800 JavaThread "lettuce-eventExecutorLoop-1-4" daemon [_thread_blocked, id=19380, stack(0x0000000020f80000,0x0000000021080000)]
  0x0000000022f81800 JavaThread "lettuce-eventExecutorLoop-1-3" daemon [_thread_blocked, id=10228, stack(0x000000001cf60000,0x000000001d060000)]
  0x0000000022f83000 JavaThread "lettuce-nioEventLoop-4-2" daemon [_thread_blocked, id=6448, stack(0x00000000012a0000,0x00000000013a0000)]
  0x0000000022f81000 JavaThread "SimplePauseDetectorThread_2" daemon [_thread_blocked, id=6060, stack(0x0000000027c60000,0x0000000027d60000)]
  0x0000000022f84000 JavaThread "SimplePauseDetectorThread_1" daemon [_thread_blocked, id=1320, stack(0x0000000027b60000,0x0000000027c60000)]
  0x0000000022f85800 JavaThread "SimplePauseDetectorThread_0" daemon [_thread_blocked, id=20200, stack(0x0000000027a60000,0x0000000027b60000)]
  0x0000000022f84800 JavaThread "Thread-767" daemon [_thread_blocked, id=3968, stack(0x0000000027960000,0x0000000027a60000)]
  0x0000000022b40000 JavaThread "lettuce-eventExecutorLoop-1-2" daemon [_thread_blocked, id=17584, stack(0x0000000027860000,0x0000000027960000)]
  0x0000000022b36000 JavaThread "lettuce-nioEventLoop-4-1" daemon [_thread_in_native, id=21876, stack(0x0000000026250000,0x0000000026350000)]
  0x0000000022b3d800 JavaThread "boundedElastic-evictor-1" daemon [_thread_blocked, id=8196, stack(0x0000000026450000,0x0000000026550000)]
  0x0000000022b3c000 JavaThread "DestroyJavaVM" [_thread_blocked, id=5364, stack(0x0000000003110000,0x0000000003210000)]
  0x0000000022b3b800 JavaThread "http-nio-8080-Acceptor" daemon [_thread_in_native, id=20984, stack(0x0000000025950000,0x0000000025a50000)]
  0x0000000022b3a800 JavaThread "http-nio-8080-ClientPoller" daemon [_thread_in_native, id=23040, stack(0x0000000025850000,0x0000000025950000)]
  0x0000000022b32800 JavaThread "http-nio-8080-BlockPoller" daemon [_thread_in_native, id=3820, stack(0x0000000024d50000,0x0000000024e50000)]
  0x000000001e811800 JavaThread "quartzScheduler_QuartzSchedulerThread" [_thread_blocked, id=19068, stack(0x0000000024c50000,0x0000000024d50000)]
  0x000000001e811000 JavaThread "quartzScheduler_Worker-10" [_thread_blocked, id=12524, stack(0x0000000024b50000,0x0000000024c50000)]
  0x000000001e810000 JavaThread "quartzScheduler_Worker-9" [_thread_blocked, id=5628, stack(0x0000000024a50000,0x0000000024b50000)]
  0x000000001e80f800 JavaThread "quartzScheduler_Worker-8" [_thread_blocked, id=18924, stack(0x0000000024950000,0x0000000024a50000)]
  0x000000001e812800 JavaThread "quartzScheduler_Worker-7" [_thread_blocked, id=21464, stack(0x0000000024850000,0x0000000024950000)]
  0x000000001e814000 JavaThread "quartzScheduler_Worker-6" [_thread_blocked, id=1188, stack(0x0000000024750000,0x0000000024850000)]
  0x000000001e80e800 JavaThread "quartzScheduler_Worker-5" [_thread_blocked, id=12700, stack(0x0000000024650000,0x0000000024750000)]
  0x000000001e813000 JavaThread "quartzScheduler_Worker-4" [_thread_blocked, id=23352, stack(0x0000000024550000,0x0000000024650000)]
  0x000000001e807000 JavaThread "quartzScheduler_Worker-3" [_thread_blocked, id=15780, stack(0x0000000024450000,0x0000000024550000)]
  0x000000001e80d800 JavaThread "quartzScheduler_Worker-2" [_thread_blocked, id=18492, stack(0x0000000024350000,0x0000000024450000)]
  0x000000001e80d000 JavaThread "quartzScheduler_Worker-1" [_thread_blocked, id=23524, stack(0x0000000024250000,0x0000000024350000)]
  0x000000001e804800 JavaThread "commons-pool-evictor-thread" daemon [_thread_blocked, id=12836, stack(0x0000000023a50000,0x0000000023b50000)]
  0x000000001e80b800 JavaThread "I/O dispatcher 8" [_thread_in_native, id=4528, stack(0x0000000021a80000,0x0000000021b80000)]
  0x000000001e807800 JavaThread "I/O dispatcher 7" [_thread_in_native, id=23384, stack(0x0000000021980000,0x0000000021a80000)]
  0x000000001e80a800 JavaThread "I/O dispatcher 6" [_thread_in_native, id=19064, stack(0x0000000021880000,0x0000000021980000)]
  0x000000001e805800 JavaThread "I/O dispatcher 5" [_thread_in_native, id=10172, stack(0x0000000021780000,0x0000000021880000)]
  0x000000001e80a000 JavaThread "I/O dispatcher 4" [_thread_in_native, id=20076, stack(0x0000000021680000,0x0000000021780000)]
  0x000000001e808800 JavaThread "I/O dispatcher 3" [_thread_in_native, id=7816, stack(0x0000000021580000,0x0000000021680000)]
  0x000000001e809000 JavaThread "I/O dispatcher 2" [_thread_in_native, id=17616, stack(0x0000000021480000,0x0000000021580000)]
  0x000000001e615000 JavaThread "I/O dispatcher 1" [_thread_in_native, id=20864, stack(0x0000000021380000,0x0000000021480000)]
  0x000000001e614000 JavaThread "pool-1-thread-1" [_thread_in_native, id=21004, stack(0x0000000021280000,0x0000000021380000)]
  0x000000001e616800 JavaThread "Druid-ConnectionPool-Destroy-518739992" daemon [_thread_blocked, id=10236, stack(0x0000000020c80000,0x0000000020d80000)]
  0x000000001e616000 JavaThread "Druid-ConnectionPool-Create-518739992" daemon [_thread_blocked, id=17548, stack(0x0000000020b80000,0x0000000020c80000)]
  0x000000001e429800 JavaThread "mysql-cj-abandoned-connection-cleanup" daemon [_thread_blocked, id=14432, stack(0x0000000020880000,0x0000000020980000)]
  0x000000001a34e000 JavaThread "lettuce-eventExecutorLoop-1-1" daemon [_thread_blocked, id=21012, stack(0x0000000020480000,0x0000000020580000)]
  0x000000001b5b5800 JavaThread "container-0" [_thread_blocked, id=18132, stack(0x0000000020180000,0x0000000020280000)]
  0x000000001af3f800 JavaThread "Catalina-utility-2" [_thread_blocked, id=2652, stack(0x0000000020080000,0x0000000020180000)]
  0x000000001af3f000 JavaThread "Catalina-utility-1" [_thread_blocked, id=19696, stack(0x000000001ff80000,0x0000000020080000)]
  0x000000001b810000 JavaThread "RMI Scheduler(0)" daemon [_thread_blocked, id=10832, stack(0x000000001d060000,0x000000001d160000)]
  0x000000001b4e0000 JavaThread "RMI TCP Accept-0" daemon [_thread_in_native, id=23432, stack(0x000000001c7b0000,0x000000001c8b0000)]
  0x000000001b2be000 JavaThread "Service Thread" daemon [_thread_blocked, id=236, stack(0x000000001c6b0000,0x000000001c7b0000)]
  0x000000001b1de000 JavaThread "C1 CompilerThread3" daemon [_thread_blocked, id=22748, stack(0x000000001c5b0000,0x000000001c6b0000)]
  0x000000001b1db000 JavaThread "C2 CompilerThread2" daemon [_thread_blocked, id=21756, stack(0x000000001c4b0000,0x000000001c5b0000)]
  0x000000001b161800 JavaThread "C2 CompilerThread1" daemon [_thread_blocked, id=2888, stack(0x000000001c3b0000,0x000000001c4b0000)]
  0x000000001b1d6800 JavaThread "C2 CompilerThread0" daemon [_thread_blocked, id=8768, stack(0x000000001c2b0000,0x000000001c3b0000)]
  0x000000001b15d800 JavaThread "Monitor Ctrl-Break" daemon [_thread_in_native, id=15472, stack(0x000000001c1b0000,0x000000001c2b0000)]
  0x000000001a280800 JavaThread "Attach Listener" daemon [_thread_blocked, id=3184, stack(0x000000001a8e0000,0x000000001a9e0000)]
  0x000000001a229000 JavaThread "Signal Dispatcher" daemon [_thread_blocked, id=4084, stack(0x000000001a7e0000,0x000000001a8e0000)]
  0x000000001842a800 JavaThread "Finalizer" daemon [_thread_blocked, id=2592, stack(0x000000001a6e0000,0x000000001a7e0000)]
  0x000000001a200800 JavaThread "Reference Handler" daemon [_thread_blocked, id=18196, stack(0x000000001a5e0000,0x000000001a6e0000)]

Other Threads:
=>0x000000001841d000 VMThread [stack: 0x000000001a0e0000,0x000000001a1e0000] [id=10896]
  0x000000001b4ec800 WatcherThread [stack: 0x000000001c8b0000,0x000000001c9b0000] [id=10284]

VM state:at safepoint (normal execution)

VM Mutex/Monitor currently owned by a thread:  ([mutex/lock_event])
[0x00000000032989a0] Threads_lock - owner thread: 0x000000001841d000

heap address: 0x0000000081a00000, size: 2022 MB, Compressed Oops mode: 32-bit
Narrow klass base: 0x0000000000000000, Narrow klass shift: 3
Compressed class space size: 1073741824 Address: 0x0000000100000000

Heap:
 PSYoungGen      total 651776K, used 469452K [0x00000000d5e00000, 0x0000000100000000, 0x0000000100000000)
  eden space 613376K, 74% used [0x00000000d5e00000,0x00000000f1a73d50,0x00000000fb500000)
  from space 38400K, 37% used [0x00000000fb500000,0x00000000fc2ff3d0,0x00000000fda80000)
  to   space 36352K, 0% used [0x00000000fdc80000,0x00000000fdc80000,0x0000000100000000)
 ParOldGen       total 205312K, used 56706K [0x0000000081a00000, 0x000000008e280000, 0x00000000d5e00000)
  object space 205312K, 27% used [0x0000000081a00000,0x00000000851608d0,0x000000008e280000)
 Metaspace       used 92410K, capacity 98784K, committed 98816K, reserved 1134592K
  class space    used 12433K, capacity 13557K, committed 13568K, reserved 1048576K

Card table byte_map: [0x0000000012850000,0x0000000012c50000] byte_map_base: 0x0000000012443000

Marking Bits: (ParMarkBitMap*) 0x0000000071995ce0
 Begin Bits: [0x0000000013700000, 0x0000000015698000)
 End Bits:   [0x0000000015698000, 0x0000000017630000)

Polling page: 0x0000000001430000

CodeCache: size=245760Kb used=29229Kb max_used=29229Kb free=216530Kb
 bounds [0x0000000003490000, 0x0000000005120000, 0x0000000012490000]
 total_blobs=17079 nmethods=16310 adapters=680
 compilation: enabled

Compilation events (10 events):
Event: 4885.982 Thread 0x000000001b1de000 16481       1       java.util.Collections::sort (8 bytes)
Event: 4885.982 Thread 0x000000001b1de000 nmethod 16481 0x000000000511bcd0 code [0x000000000511be20, 0x000000000511bf48]
Event: 4885.984 Thread 0x000000001b1de000 16482       1       sun.security.ssl.SSLSocketImpl::writeRecord (7 bytes)
Event: 4885.984 Thread 0x000000001b1de000 nmethod 16482 0x000000000511bfd0 code [0x000000000511c120, 0x000000000511c248]
Event: 4885.987 Thread 0x000000001b1de000 16483       1       java.lang.Integer::numberOfTrailingZeros (79 bytes)
Event: 4885.988 Thread 0x000000001b1de000 nmethod 16483 0x000000000511c2d0 code [0x000000000511c420, 0x000000000511c590]
Event: 4886.069 Thread 0x000000001b1de000 16484       1       java.util.Collections$SynchronizedCollection::iterator (10 bytes)
Event: 4886.069 Thread 0x000000001b1de000 nmethod 16484 0x000000000511c5d0 code [0x000000000511c720, 0x000000000511c868]
Event: 4886.085 Thread 0x000000001b1de000 16485       1       sun.security.util.DisabledAlgorithmConstraints::access$000 (4 bytes)
Event: 4886.085 Thread 0x000000001b1de000 nmethod 16485 0x000000000511c8d0 code [0x000000000511ca20, 0x000000000511cb10]

GC Heap History (10 events):
Event: 11.231 GC heap before
{Heap before GC invocations=19 (full 3):
 PSYoungGen      total 539648K, used 521216K [0x00000000d5e00000, 0x00000000ff500000, 0x0000000100000000)
  eden space 521216K, 100% used [0x00000000d5e00000,0x00000000f5b00000,0x00000000f5b00000)
  from space 18432K, 0% used [0x00000000f5b00000,0x00000000f5b00000,0x00000000f6d00000)
  to   space 17408K, 0% used [0x00000000fe400000,0x00000000fe400000,0x00000000ff500000)
 ParOldGen       total 129024K, used 32635K [0x0000000081a00000, 0x0000000089800000, 0x00000000d5e00000)
  object space 129024K, 25% used [0x0000000081a00000,0x00000000839def30,0x0000000089800000)
 Metaspace       used 72788K, capacity 76858K, committed 77184K, reserved 1116160K
  class space    used 10045K, capacity 10794K, committed 10880K, reserved 1048576K
Event: 11.259 GC heap after
Heap after GC invocations=19 (full 3):
 PSYoungGen      total 654848K, used 17404K [0x00000000d5e00000, 0x00000000ffc00000, 0x0000000100000000)
  eden space 637440K, 0% used [0x00000000d5e00000,0x00000000d5e00000,0x00000000fcc80000)
  from space 17408K, 99% used [0x00000000fe400000,0x00000000ff4ff360,0x00000000ff500000)
  to   space 24064K, 0% used [0x00000000fcc80000,0x00000000fcc80000,0x00000000fe400000)
 ParOldGen       total 129024K, used 42789K [0x0000000081a00000, 0x0000000089800000, 0x00000000d5e00000)
  object space 129024K, 33% used [0x0000000081a00000,0x00000000843c9558,0x0000000089800000)
 Metaspace       used 72788K, capacity 76858K, committed 77184K, reserved 1116160K
  class space    used 10045K, capacity 10794K, committed 10880K, reserved 1048576K
}
Event: 143.192 GC heap before
{Heap before GC invocations=20 (full 3):
 PSYoungGen      total 654848K, used 654844K [0x00000000d5e00000, 0x00000000ffc00000, 0x0000000100000000)
  eden space 637440K, 100% used [0x00000000d5e00000,0x00000000fcc80000,0x00000000fcc80000)
  from space 17408K, 99% used [0x00000000fe400000,0x00000000ff4ff360,0x00000000ff500000)
  to   space 24064K, 0% used [0x00000000fcc80000,0x00000000fcc80000,0x00000000fe400000)
 ParOldGen       total 129024K, used 42789K [0x0000000081a00000, 0x0000000089800000, 0x00000000d5e00000)
  object space 129024K, 33% used [0x0000000081a00000,0x00000000843c9558,0x0000000089800000)
 Metaspace       used 85244K, capacity 90786K, committed 91008K, reserved 1128448K
  class space    used 11624K, capacity 12578K, committed 12672K, reserved 1048576K
Event: 143.247 GC heap after
Heap after GC invocations=20 (full 3):
 PSYoungGen      total 661504K, used 24032K [0x00000000d5e00000, 0x0000000100000000, 0x0000000100000000)
  eden space 637440K, 0% used [0x00000000d5e00000,0x00000000d5e00000,0x00000000fcc80000)
  from space 24064K, 99% used [0x00000000fcc80000,0x00000000fe3f8300,0x00000000fe400000)
  to   space 28672K, 0% used [0x00000000fe400000,0x00000000fe400000,0x0000000100000000)
 ParOldGen       total 129024K, used 76096K [0x0000000081a00000, 0x0000000089800000, 0x00000000d5e00000)
  object space 129024K, 58% used [0x0000000081a00000,0x00000000864501d8,0x0000000089800000)
 Metaspace       used 85244K, capacity 90786K, committed 91008K, reserved 1128448K
  class space    used 11624K, capacity 12578K, committed 12672K, reserved 1048576K
}
Event: 1311.693 GC heap before
{Heap before GC invocations=21 (full 3):
 PSYoungGen      total 661504K, used 587436K [0x00000000d5e00000, 0x0000000100000000, 0x0000000100000000)
  eden space 637440K, 88% used [0x00000000d5e00000,0x00000000f8433038,0x00000000fcc80000)
  from space 24064K, 99% used [0x00000000fcc80000,0x00000000fe3f8300,0x00000000fe400000)
  to   space 28672K, 0% used [0x00000000fe400000,0x00000000fe400000,0x0000000100000000)
 ParOldGen       total 129024K, used 76096K [0x0000000081a00000, 0x0000000089800000, 0x00000000d5e00000)
  object space 129024K, 58% used [0x0000000081a00000,0x00000000864501d8,0x0000000089800000)
 Metaspace       used 92220K, capacity 98528K, committed 98560K, reserved 1134592K
  class space    used 12430K, capacity 13559K, committed 13568K, reserved 1048576K
Event: 1311.997 GC heap after
Heap after GC invocations=21 (full 3):
 PSYoungGen      total 642048K, used 10073K [0x00000000d5e00000, 0x0000000100000000, 0x0000000100000000)
  eden space 613376K, 0% used [0x00000000d5e00000,0x00000000d5e00000,0x00000000fb500000)
  from space 28672K, 35% used [0x00000000fe400000,0x00000000fedd6740,0x0000000100000000)
  to   space 38400K, 0% used [0x00000000fb500000,0x00000000fb500000,0x00000000fda80000)
 ParOldGen       total 129024K, used 96953K [0x0000000081a00000, 0x0000000089800000, 0x00000000d5e00000)
  object space 129024K, 75% used [0x0000000081a00000,0x00000000878ae758,0x0000000089800000)
 Metaspace       used 92220K, capacity 98528K, committed 98560K, reserved 1134592K
  class space    used 12430K, capacity 13559K, committed 13568K, reserved 1048576K
}
Event: 1311.997 GC heap before
{Heap before GC invocations=22 (full 4):
 PSYoungGen      total 642048K, used 10073K [0x00000000d5e00000, 0x0000000100000000, 0x0000000100000000)
  eden space 613376K, 0% used [0x00000000d5e00000,0x00000000d5e00000,0x00000000fb500000)
  from space 28672K, 35% used [0x00000000fe400000,0x00000000fedd6740,0x0000000100000000)
  to   space 38400K, 0% used [0x00000000fb500000,0x00000000fb500000,0x00000000fda80000)
 ParOldGen       total 129024K, used 96953K [0x0000000081a00000, 0x0000000089800000, 0x00000000d5e00000)
  object space 129024K, 75% used [0x0000000081a00000,0x00000000878ae758,0x0000000089800000)
 Metaspace       used 92220K, capacity 98528K, committed 98560K, reserved 1134592K
  class space    used 12430K, capacity 13559K, committed 13568K, reserved 1048576K
Event: 1312.636 GC heap after
Heap after GC invocations=22 (full 4):
 PSYoungGen      total 642048K, used 0K [0x00000000d5e00000, 0x0000000100000000, 0x0000000100000000)
  eden space 613376K, 0% used [0x00000000d5e00000,0x00000000d5e00000,0x00000000fb500000)
  from space 28672K, 0% used [0x00000000fe400000,0x00000000fe400000,0x0000000100000000)
  to   space 38400K, 0% used [0x00000000fb500000,0x00000000fb500000,0x00000000fda80000)
 ParOldGen       total 205312K, used 56698K [0x0000000081a00000, 0x000000008e280000, 0x00000000d5e00000)
  object space 205312K, 27% used [0x0000000081a00000,0x000000008515e8d0,0x000000008e280000)
 Metaspace       used 92170K, capacity 98378K, committed 98560K, reserved 1134592K
  class space    used 12414K, capacity 13532K, committed 13568K, reserved 1048576K
}
Event: 1486.547 GC heap before
{Heap before GC invocations=23 (full 4):
 PSYoungGen      total 642048K, used 613376K [0x00000000d5e00000, 0x0000000100000000, 0x0000000100000000)
  eden space 613376K, 100% used [0x00000000d5e00000,0x00000000fb500000,0x00000000fb500000)
  from space 28672K, 0% used [0x00000000fe400000,0x00000000fe400000,0x0000000100000000)
  to   space 38400K, 0% used [0x00000000fb500000,0x00000000fb500000,0x00000000fda80000)
 ParOldGen       total 205312K, used 56698K [0x0000000081a00000, 0x000000008e280000, 0x00000000d5e00000)
  object space 205312K, 27% used [0x0000000081a00000,0x000000008515e8d0,0x000000008e280000)
 Metaspace       used 92364K, capacity 98654K, committed 98816K, reserved 1134592K
  class space    used 12425K, capacity 13546K, committed 13568K, reserved 1048576K
Event: 1486.616 GC heap after
Heap after GC invocations=23 (full 4):
 PSYoungGen      total 651776K, used 14332K [0x00000000d5e00000, 0x0000000100000000, 0x0000000100000000)
  eden space 613376K, 0% used [0x00000000d5e00000,0x00000000d5e00000,0x00000000fb500000)
  from space 38400K, 37% used [0x00000000fb500000,0x00000000fc2ff3d0,0x00000000fda80000)
  to   space 36352K, 0% used [0x00000000fdc80000,0x00000000fdc80000,0x0000000100000000)
 ParOldGen       total 205312K, used 56706K [0x0000000081a00000, 0x000000008e280000, 0x00000000d5e00000)
  object space 205312K, 27% used [0x0000000081a00000,0x00000000851608d0,0x000000008e280000)
 Metaspace       used 92364K, capacity 98654K, committed 98816K, reserved 1134592K
  class space    used 12425K, capacity 13546K, committed 13568K, reserved 1048576K
}

Deoptimization events (0 events):
No events

Classes redefined (0 events):
No events

Internal exceptions (10 events):
Event: 1122.571 Thread 0x0000000022b3a000 Exception <a 'java/lang/reflect/InvocationTargetException'> (0x00000000ea44aad0) thrown at [C:\re\workspace\8-2-build-windows-amd64-cygwin\jdk8u211\12973\hotspot\src\share\vm\runtime\reflection.cpp, line 1092]
Event: 1122.665 Thread 0x0000000022b34800 Exception <a 'java/lang/reflect/InvocationTargetException'> (0x00000000ea897e50) thrown at [C:\re\workspace\8-2-build-windows-amd64-cygwin\jdk8u211\12973\hotspot\src\share\vm\runtime\reflection.cpp, line 1092]
Event: 1122.764 Thread 0x0000000022b31000 Exception <a 'java/lang/reflect/InvocationTargetException'> (0x00000000e7f4d978) thrown at [C:\re\workspace\8-2-build-windows-amd64-cygwin\jdk8u211\12973\hotspot\src\share\vm\runtime\reflection.cpp, line 1092]
Event: 1122.866 Thread 0x0000000022b37000 Exception <a 'java/lang/reflect/InvocationTargetException'> (0x00000000ea608e48) thrown at [C:\re\workspace\8-2-build-windows-amd64-cygwin\jdk8u211\12973\hotspot\src\share\vm\runtime\reflection.cpp, line 1092]
Event: 1122.966 Thread 0x0000000022b39000 Exception <a 'java/lang/reflect/InvocationTargetException'> (0x00000000e8400ed8) thrown at [C:\re\workspace\8-2-build-windows-amd64-cygwin\jdk8u211\12973\hotspot\src\share\vm\runtime\reflection.cpp, line 1092]
Event: 1123.065 Thread 0x0000000022b38800 Exception <a 'java/lang/reflect/InvocationTargetException'> (0x00000000ea9753f8) thrown at [C:\re\workspace\8-2-build-windows-amd64-cygwin\jdk8u211\12973\hotspot\src\share\vm\runtime\reflection.cpp, line 1092]
Event: 1123.163 Thread 0x0000000022b34000 Exception <a 'java/lang/reflect/InvocationTargetException'> (0x00000000eab79940) thrown at [C:\re\workspace\8-2-build-windows-amd64-cygwin\jdk8u211\12973\hotspot\src\share\vm\runtime\reflection.cpp, line 1092]
Event: 1123.283 Thread 0x0000000022b33000 Exception <a 'java/lang/reflect/InvocationTargetException'> (0x00000000ea7370c0) thrown at [C:\re\workspace\8-2-build-windows-amd64-cygwin\jdk8u211\12973\hotspot\src\share\vm\runtime\reflection.cpp, line 1092]
Event: 1264.293 Thread 0x0000000022b3a000 Exception <a 'java/lang/ArrayIndexOutOfBoundsException'> (0x00000000ee6d9fc0) thrown at [C:\re\workspace\8-2-build-windows-amd64-cygwin\jdk8u211\12973\hotspot\src\share\vm\runtime\sharedRuntime.cpp, line 605]
Event: 1264.373 Thread 0x0000000022b3a000 Exception <a 'java/lang/reflect/InvocationTargetException'> (0x00000000ee7bf098) thrown at [C:\re\workspace\8-2-build-windows-amd64-cygwin\jdk8u211\12973\hotspot\src\share\vm\runtime\reflection.cpp, line 1092]

Events (10 events):
Event: 4886.039 Executing VM operation: RevokeBias done
Event: 4886.039 Executing VM operation: RevokeBias
Event: 4886.043 Executing VM operation: RevokeBias done
Event: 4886.043 Executing VM operation: RevokeBias
Event: 4886.048 Executing VM operation: RevokeBias done
Event: 4886.048 Executing VM operation: RevokeBias
Event: 4886.052 Executing VM operation: RevokeBias done
Event: 4886.052 Executing VM operation: RevokeBias
Event: 4886.056 Executing VM operation: RevokeBias done
Event: 4886.172 Executing VM operation: BulkRevokeBias


Dynamic libraries:
0x00007ff77be70000 - 0x00007ff77bea7000 	D:\Program Files\Java\jdk1.8.0_211\bin\java.exe
0x00007ff84ef60000 - 0x00007ff84f150000 	C:\Windows\SYSTEM32\ntdll.dll
0x00007ff84e970000 - 0x00007ff84ea22000 	C:\Windows\System32\KERNEL32.DLL
0x00007ff84bee0000 - 0x00007ff84c184000 	C:\Windows\System32\KERNELBASE.dll
0x00007ff84eaf0000 - 0x00007ff84eb93000 	C:\Windows\System32\ADVAPI32.dll
0x00007ff84e770000 - 0x00007ff84e80e000 	C:\Windows\System32\msvcrt.dll
0x00007ff84ea30000 - 0x00007ff84eac7000 	C:\Windows\System32\sechost.dll
0x00007ff84eca0000 - 0x00007ff84edc0000 	C:\Windows\System32\RPCRT4.dll
0x00007ff84e280000 - 0x00007ff84e415000 	C:\Windows\System32\USER32.dll
0x00007ff84cf90000 - 0x00007ff84cfb1000 	C:\Windows\System32\win32u.dll
0x00007ff84ec70000 - 0x00007ff84ec96000 	C:\Windows\System32\GDI32.dll
0x00007ff84c370000 - 0x00007ff84c506000 	C:\Windows\System32\gdi32full.dll
0x00007ff84cca0000 - 0x00007ff84cd3e000 	C:\Windows\System32\msvcp_win.dll
0x00007ff84cd40000 - 0x00007ff84ce3a000 	C:\Windows\System32\ucrtbase.dll
0x00007ff835010000 - 0x00007ff835294000 	C:\Windows\WinSxS\amd64_microsoft.windows.common-controls_6595b64144ccf1df_6.0.18362.1016_none_9e7a36bbe461dae4\COMCTL32.dll
0x00007ff84dad0000 - 0x00007ff84de05000 	C:\Windows\System32\combase.dll
0x00007ff84c2f0000 - 0x00007ff84c370000 	C:\Windows\System32\bcryptPrimitives.dll
0x00007ff84daa0000 - 0x00007ff84dace000 	C:\Windows\System32\IMM32.DLL
0x0000000071a20000 - 0x0000000071af2000 	D:\Program Files\Java\jdk1.8.0_211\jre\bin\msvcr100.dll
0x0000000071170000 - 0x0000000071a15000 	D:\Program Files\Java\jdk1.8.0_211\jre\bin\server\jvm.dll
0x00007ff84e8e0000 - 0x00007ff84e8e8000 	C:\Windows\System32\PSAPI.DLL
0x00007ff849c50000 - 0x00007ff849c59000 	C:\Windows\SYSTEM32\WSOCK32.dll
0x00007ff849a90000 - 0x00007ff849ab4000 	C:\Windows\SYSTEM32\WINMM.dll
0x00007ff845690000 - 0x00007ff84569a000 	C:\Windows\SYSTEM32\VERSION.dll
0x00007ff84eba0000 - 0x00007ff84ec0f000 	C:\Windows\System32\WS2_32.dll
0x00007ff849980000 - 0x00007ff8499ad000 	C:\Windows\SYSTEM32\winmmbase.dll
0x00007ff84cfc0000 - 0x00007ff84d00a000 	C:\Windows\System32\cfgmgr32.dll
0x00007ff8483b0000 - 0x00007ff8483bf000 	D:\Program Files\Java\jdk1.8.0_211\jre\bin\verify.dll
0x00007ff846df0000 - 0x00007ff846e19000 	D:\Program Files\Java\jdk1.8.0_211\jre\bin\java.dll
0x00007ff846da0000 - 0x00007ff846dc3000 	D:\Program Files\Java\jdk1.8.0_211\jre\bin\instrument.dll
0x00007ff848300000 - 0x00007ff848316000 	D:\Program Files\Java\jdk1.8.0_211\jre\bin\zip.dll
0x00007ff84d300000 - 0x00007ff84d9e7000 	C:\Windows\System32\SHELL32.dll
0x00007ff84d9f0000 - 0x00007ff84da99000 	C:\Windows\System32\shcore.dll
0x00007ff84c510000 - 0x00007ff84cc92000 	C:\Windows\System32\windows.storage.dll
0x00007ff84beb0000 - 0x00007ff84bed3000 	C:\Windows\System32\profapi.dll
0x00007ff84be60000 - 0x00007ff84beaa000 	C:\Windows\System32\powrprof.dll
0x00007ff84be10000 - 0x00007ff84be20000 	C:\Windows\System32\UMPDC.dll
0x00007ff84e710000 - 0x00007ff84e762000 	C:\Windows\System32\shlwapi.dll
0x00007ff84be40000 - 0x00007ff84be51000 	C:\Windows\System32\kernel.appcore.dll
0x00007ff84c2d0000 - 0x00007ff84c2e7000 	C:\Windows\System32\cryptsp.dll
0x00007ff846b50000 - 0x00007ff846b6a000 	C:\Program Files\JetBrains\IntelliJ IDEA 2019.3.3\bin\breakgen64.dll
0x00007ff846c70000 - 0x00007ff846c8a000 	D:\Program Files\Java\jdk1.8.0_211\jre\bin\net.dll
0x00007ff83e780000 - 0x00007ff83e956000 	C:\Windows\SYSTEM32\urlmon.dll
0x00007ff83cfe0000 - 0x00007ff83d286000 	C:\Windows\SYSTEM32\iertutil.dll
0x00007ff84b7e0000 - 0x00007ff84b7ec000 	C:\Windows\SYSTEM32\CRYPTBASE.DLL
0x00007ff84b610000 - 0x00007ff84b677000 	C:\Windows\system32\mswsock.dll
0x00007ff84b360000 - 0x00007ff84b42b000 	C:\Windows\SYSTEM32\DNSAPI.dll
0x00007ff84e610000 - 0x00007ff84e618000 	C:\Windows\System32\NSI.dll
0x00007ff84b320000 - 0x00007ff84b35a000 	C:\Windows\SYSTEM32\IPHLPAPI.DLL
0x00007ff8456a0000 - 0x00007ff8456aa000 	C:\Windows\System32\rasadhlp.dll
0x00007ff83f1a0000 - 0x00007ff83f217000 	C:\Windows\System32\fwpuclnt.dll
0x00007ff84c240000 - 0x00007ff84c266000 	C:\Windows\System32\bcrypt.dll
0x00007ff848330000 - 0x00007ff84833d000 	D:\Program Files\Java\jdk1.8.0_211\jre\bin\management.dll
0x00007ff846b70000 - 0x00007ff846b82000 	D:\Program Files\Java\jdk1.8.0_211\jre\bin\nio.dll
0x00007ff84b180000 - 0x00007ff84b1b3000 	C:\Windows\system32\rsaenh.dll
0x00007ff84bd30000 - 0x00007ff84bd55000 	C:\Windows\SYSTEM32\USERENV.dll
0x00007ff83f220000 - 0x00007ff83f236000 	C:\Windows\SYSTEM32\dhcpcsvc6.DLL
0x00007ff83feb0000 - 0x00007ff83fecc000 	C:\Windows\SYSTEM32\dhcpcsvc.DLL
0x00007ff835320000 - 0x00007ff835336000 	C:\Windows\system32\napinsp.dll
0x00007ff835300000 - 0x00007ff83531a000 	C:\Windows\system32\pnrpnsp.dll
0x00007ff8352f0000 - 0x00007ff8352fe000 	C:\Windows\System32\winrnr.dll
0x00007ff8482d0000 - 0x00007ff8482ec000 	C:\Windows\system32\NLAapi.dll
0x00007ff847740000 - 0x00007ff847755000 	C:\Windows\system32\wshbth.dll
0x00007ff83dcc0000 - 0x00007ff83dce4000 	D:\Program Files\Java\jdk1.8.0_211\jre\bin\sunec.dll
0x00007ff839950000 - 0x00007ff839998000 	C:\Windows\SYSTEM32\pdh.dll
0x00007ff82a0a0000 - 0x00007ff82a0af000 	C:\Windows\System32\perfproc.dll
0x00007ff83ddd0000 - 0x00007ff83ddde000 	C:\Windows\System32\perfos.dll
0x00007ff8475b0000 - 0x00007ff8475bb000 	D:\Program Files\Java\jdk1.8.0_211\jre\bin\sunmscapi.dll
0x00007ff84ce40000 - 0x00007ff84cf89000 	C:\Windows\System32\CRYPT32.dll
0x00007ff84be20000 - 0x00007ff84be32000 	C:\Windows\System32\MSASN1.dll

VM Arguments:
jvm_args: -XX:TieredStopAtLevel=1 -Xverify:none -Dspring.output.ansi.enabled=always -Dcom.sun.management.jmxremote -Dspring.jmx.enabled=true -Dspring.liveBeansView.mbeanDomain -Dspring.application.admin.enabled=true -javaagent:C:\Program Files\JetBrains\IntelliJ IDEA 2019.3.3\lib\idea_rt.jar=60504:C:\Program Files\JetBrains\IntelliJ IDEA 2019.3.3\bin -Dfile.encoding=UTF-8 
java_command: com.example.amoy_interest.DemoApplication
java_class_path (initial): D:\Program Files\Java\jdk1.8.0_211\jre\lib\charsets.jar;D:\Program Files\Java\jdk1.8.0_211\jre\lib\deploy.jar;D:\Program Files\Java\jdk1.8.0_211\jre\lib\ext\access-bridge-64.jar;D:\Program Files\Java\jdk1.8.0_211\jre\lib\ext\cldrdata.jar;D:\Program Files\Java\jdk1.8.0_211\jre\lib\ext\dnsns.jar;D:\Program Files\Java\jdk1.8.0_211\jre\lib\ext\jaccess.jar;D:\Program Files\Java\jdk1.8.0_211\jre\lib\ext\jfxrt.jar;D:\Program Files\Java\jdk1.8.0_211\jre\lib\ext\localedata.jar;D:\Program Files\Java\jdk1.8.0_211\jre\lib\ext\nashorn.jar;D:\Program Files\Java\jdk1.8.0_211\jre\lib\ext\sunec.jar;D:\Program Files\Java\jdk1.8.0_211\jre\lib\ext\sunjce_provider.jar;D:\Program Files\Java\jdk1.8.0_211\jre\lib\ext\sunmscapi.jar;D:\Program Files\Java\jdk1.8.0_211\jre\lib\ext\sunpkcs11.jar;D:\Program Files\Java\jdk1.8.0_211\jre\lib\ext\zipfs.jar;D:\Program Files\Java\jdk1.8.0_211\jre\lib\javaws.jar;D:\Program Files\Java\jdk1.8.0_211\jre\lib\jce.jar;D:\Program Files\Java\jdk1.8.0_211\jre\lib\jfr.jar;D:\Program Files\Java\jdk1.8.0_211\jre\lib\jfxswt.jar;D:\Program Files\Java\jdk1.8.0_211\jre\lib\jsse.jar;D:\Program Files\Java\jdk1.8.0_211\jre\lib\management-agent.jar;D:\Program Files\Java\jdk1.8.0_211\jre\lib\plugin.jar;D:\Program Files\Java\jdk1.8.0_211\jre\lib\resources.jar;D:\Program Files\Java\jdk1.8.0_211\jre\lib\rt.jar;C:\Users\86178\Desktop\Backend\target\classes;C:\Users\86178\.m2\repository\org\mybatis\spring\boot\mybatis-spring-boot-starter\2.1.3\mybatis-spring-boot-starter-2.1.3.jar;C:\Users\86178\.m2\repository\org\springframework\boot\spring-boot-starter\2.3.1.RELEASE\spring-boot-starter-2.3.1.RELEASE.jar;C:\Users\86178\.m2\repository\org\springframework\boot\spring-boot\2.3.1.RELEASE\spring-boot-2.3.1.RELEASE.jar;C:\Users\86178\.m2\repository\org\springframework\boot\spring-boot-starter-logging\2.3.1.RELEASE\spring-boot-starter-logging-2.3.1.RELEASE.jar;C:\Users\86178\.m2\repository\ch\qos\logback\logback-classic\1.2.3\logback-classic-1.2.3.jar;C:\
Launcher Type: SUN_STANDARD

Environment Variables:
JAVA_HOME=C:\Program Files\Java\jdk1.8.0_74
CLASSPATH=.;C:\Program Files\Java\jdk1.8.0_74\lib;C:\Program Files\Java\jdk1.8.0_74\lib\tools.jar
PATH=C:\ProgramData\Oracle\Java\javapath;C:\Windows\system32;C:\Windows;C:\Windows\System32\Wbem;C:\Windows\System32\WindowsPowerShell\v1.0\;C:\Windows\System32\OpenSSH\;C:\Program Files (x86)\Quickapp\nodejs;C:\Program Files\Git\cmd;C:\Program Files\nodejs\;C:\mysql-8.0.19-winx64\bin;C:\Program Files\Java\jdk1.8.0_74\bin;C:\Program Files\Java\jdk1.8.0_74\jre\bin;C:\MinGW\bin;C:\Maven\apache-maven-3.6.3\bin;C:\CMake\bin;C:\MongoDB\Server\4.2\bin;C:\Users\86178\AppData\Local\Android\Sdk\platform-tools;C:\Users\86178\AppData\Local\Android\Sdk\emulator;C:\Users\86178\AppData\Local\Android\Sdk\tools;C:\Users\86178\AppData\Local\Android\Sdk\tools\bin;D:\Redis\;D:\Python38\Scripts\;D:\Python38\;C:\Users\86178\AppData\Local\Microsoft\WindowsApps;C:\Users\86178\AppData\Roaming\npm;C:\Users\86178\AppData\Local\Programs\Microsoft VS Code\bin;C:\Program Files\JetBrains\IntelliJ IDEA 2019.3.3\bin;;C:\Program Files\Bandizip\
USERNAME=86178
OS=Windows_NT
PROCESSOR_IDENTIFIER=Intel64 Family 6 Model 142 Stepping 10, GenuineIntel



---------------  S Y S T E M  ---------------

OS: Windows 10.0 , 64 bit Build 18362 (10.0.18362.959)

CPU:total 8 (initial active 8) (4 cores per cpu, 2 threads per core) family 6 model 142 stepping 10, cmov, cx8, fxsr, mmx, sse, sse2, sse3, ssse3, sse4.1, sse4.2, popcnt, avx, avx2, aes, clmul, erms, 3dnowpref, lzcnt, ht, tsc, tscinvbit, bmi1, bmi2, adx

Memory: 4k page, physical 8281304k(864156k free), swap 22571988k(35968k free)

vm_info: Java HotSpot(TM) 64-Bit Server VM (25.211-b12) for windows-amd64 JRE (1.8.0_211-b12), built on Apr  1 2019 20:53:26 by "java_re" with MS VC++ 10.0 (VS2010)

time: Mon Sep 07 15:42:38 2020
timezone: 中国标准时间
elapsed time: 4886 seconds (0d 1h 21m 26s)

